[2023-03-16 09:46:12] local.ERROR: SQLSTATE[42S22]: Column not found: 1054 Unknown column 'username' in 'where clause' (SQL: select count(*) as aggregate from `users` where `username` = mphstar) {"exception":"[object] (Illuminate\\Database\\QueryException(code: 42S22): SQLSTATE[42S22]: Column not found: 1054 Unknown column 'username' in 'where clause' (SQL: select count(*) as aggregate from `users` where `username` = mphstar) at /home/mphstar/Development/Workshop Web/Minggu 6 | Auth & Middleware/vendor/laravel/framework/src/Illuminate/Database/Connection.php:712)
[stacktrace]
#0 /home/mphstar/Development/Workshop Web/Minggu 6 | Auth & Middleware/vendor/laravel/framework/src/Illuminate/Database/Connection.php(672): Illuminate\\Database\\Connection->runQueryCallback()
#1 /home/mphstar/Development/Workshop Web/Minggu 6 | Auth & Middleware/vendor/laravel/framework/src/Illuminate/Database/Connection.php(359): Illuminate\\Database\\Connection->run()
#2 /home/mphstar/Development/Workshop Web/Minggu 6 | Auth & Middleware/vendor/laravel/framework/src/Illuminate/Database/Query/Builder.php(2413): Illuminate\\Database\\Connection->select()
#3 /home/mphstar/Development/Workshop Web/Minggu 6 | Auth & Middleware/vendor/laravel/framework/src/Illuminate/Database/Query/Builder.php(2402): Illuminate\\Database\\Query\\Builder->runSelect()
#4 /home/mphstar/Development/Workshop Web/Minggu 6 | Auth & Middleware/vendor/laravel/framework/src/Illuminate/Database/Query/Builder.php(2936): Illuminate\\Database\\Query\\Builder->Illuminate\\Database\\Query\\{closure}()
#5 /home/mphstar/Development/Workshop Web/Minggu 6 | Auth & Middleware/vendor/laravel/framework/src/Illuminate/Database/Query/Builder.php(2401): Illuminate\\Database\\Query\\Builder->onceWithColumns()
#6 /home/mphstar/Development/Workshop Web/Minggu 6 | Auth & Middleware/vendor/laravel/framework/src/Illuminate/Database/Query/Builder.php(2863): Illuminate\\Database\\Query\\Builder->get()
#7 /home/mphstar/Development/Workshop Web/Minggu 6 | Auth & Middleware/vendor/laravel/framework/src/Illuminate/Database/Query/Builder.php(2791): Illuminate\\Database\\Query\\Builder->aggregate()
#8 /home/mphstar/Development/Workshop Web/Minggu 6 | Auth & Middleware/vendor/laravel/framework/src/Illuminate/Validation/DatabasePresenceVerifier.php(55): Illuminate\\Database\\Query\\Builder->count()
#9 /home/mphstar/Development/Workshop Web/Minggu 6 | Auth & Middleware/vendor/laravel/framework/src/Illuminate/Validation/Concerns/ValidatesAttributes.php(855): Illuminate\\Validation\\DatabasePresenceVerifier->getCount()
#10 /home/mphstar/Development/Workshop Web/Minggu 6 | Auth & Middleware/vendor/laravel/framework/src/Illuminate/Validation/Validator.php(610): Illuminate\\Validation\\Validator->validateUnique()
#11 /home/mphstar/Development/Workshop Web/Minggu 6 | Auth & Middleware/vendor/laravel/framework/src/Illuminate/Validation/Validator.php(416): Illuminate\\Validation\\Validator->validateAttribute()
#12 /home/mphstar/Development/Workshop Web/Minggu 6 | Auth & Middleware/vendor/laravel/framework/src/Illuminate/Validation/Validator.php(447): Illuminate\\Validation\\Validator->passes()
#13 /home/mphstar/Development/Workshop Web/Minggu 6 | Auth & Middleware/vendor/laravel/framework/src/Illuminate/Validation/Validator.php(489): Illuminate\\Validation\\Validator->fails()
#14 /home/mphstar/Development/Workshop Web/Minggu 6 | Auth & Middleware/vendor/laravel/ui/auth-backend/RegistersUsers.php(32): Illuminate\\Validation\\Validator->validate()
#15 /home/mphstar/Development/Workshop Web/Minggu 6 | Auth & Middleware/vendor/laravel/framework/src/Illuminate/Routing/Controller.php(54): App\\Http\\Controllers\\Auth\\RegisterController->register()
#16 /home/mphstar/Development/Workshop Web/Minggu 6 | Auth & Middleware/vendor/laravel/framework/src/Illuminate/Routing/ControllerDispatcher.php(45): Illuminate\\Routing\\Controller->callAction()
#17 /home/mphstar/Development/Workshop Web/Minggu 6 | Auth & Middleware/vendor/laravel/framework/src/Illuminate/Routing/Route.php(261): Illuminate\\Routing\\ControllerDispatcher->dispatch()
#18 /home/mphstar/Development/Workshop Web/Minggu 6 | Auth & Middleware/vendor/laravel/framework/src/Illuminate/Routing/Route.php(205): Illuminate\\Routing\\Route->runController()
#19 /home/mphstar/Development/Workshop Web/Minggu 6 | Auth & Middleware/vendor/laravel/framework/src/Illuminate/Routing/Router.php(721): Illuminate\\Routing\\Route->run()
#20 /home/mphstar/Development/Workshop Web/Minggu 6 | Auth & Middleware/vendor/laravel/framework/src/Illuminate/Pipeline/Pipeline.php(128): Illuminate\\Routing\\Router->Illuminate\\Routing\\{closure}()
#21 /home/mphstar/Development/Workshop Web/Minggu 6 | Auth & Middleware/app/Http/Middleware/RedirectIfAuthenticated.php(30): Illuminate\\Pipeline\\Pipeline->Illuminate\\Pipeline\\{closure}()
#22 /home/mphstar/Development/Workshop Web/Minggu 6 | Auth & Middleware/vendor/laravel/framework/src/Illuminate/Pipeline/Pipeline.php(167): App\\Http\\Middleware\\RedirectIfAuthenticated->handle()
#23 /home/mphstar/Development/Workshop Web/Minggu 6 | Auth & Middleware/vendor/laravel/framework/src/Illuminate/Routing/Middleware/SubstituteBindings.php(50): Illuminate\\Pipeline\\Pipeline->Illuminate\\Pipeline\\{closure}()
#24 /home/mphstar/Development/Workshop Web/Minggu 6 | Auth & Middleware/vendor/laravel/framework/src/Illuminate/Pipeline/Pipeline.php(167): Illuminate\\Routing\\Middleware\\SubstituteBindings->handle()
#25 /home/mphstar/Development/Workshop Web/Minggu 6 | Auth & Middleware/vendor/laravel/framework/src/Illuminate/Foundation/Http/Middleware/VerifyCsrfToken.php(78): Illuminate\\Pipeline\\Pipeline->Illuminate\\Pipeline\\{closure}()
#26 /home/mphstar/Development/Workshop Web/Minggu 6 | Auth & Middleware/vendor/laravel/framework/src/Illuminate/Pipeline/Pipeline.php(167): Illuminate\\Foundation\\Http\\Middleware\\VerifyCsrfToken->handle()
#27 /home/mphstar/Development/Workshop Web/Minggu 6 | Auth & Middleware/vendor/laravel/framework/src/Illuminate/View/Middleware/ShareErrorsFromSession.php(49): Illuminate\\Pipeline\\Pipeline->Illuminate\\Pipeline\\{closure}()
#28 /home/mphstar/Development/Workshop Web/Minggu 6 | Auth & Middleware/vendor/laravel/framework/src/Illuminate/Pipeline/Pipeline.php(167): Illuminate\\View\\Middleware\\ShareErrorsFromSession->handle()
#29 /home/mphstar/Development/Workshop Web/Minggu 6 | Auth & Middleware/vendor/laravel/framework/src/Illuminate/Session/Middleware/StartSession.php(121): Illuminate\\Pipeline\\Pipeline->Illuminate\\Pipeline\\{closure}()
#30 /home/mphstar/Development/Workshop Web/Minggu 6 | Auth & Middleware/vendor/laravel/framework/src/Illuminate/Session/Middleware/StartSession.php(64): Illuminate\\Session\\Middleware\\StartSession->handleStatefulRequest()
#31 /home/mphstar/Development/Workshop Web/Minggu 6 | Auth & Middleware/vendor/laravel/framework/src/Illuminate/Pipeline/Pipeline.php(167): Illuminate\\Session\\Middleware\\StartSession->handle()
#32 /home/mphstar/Development/Workshop Web/Minggu 6 | Auth & Middleware/vendor/laravel/framework/src/Illuminate/Cookie/Middleware/AddQueuedCookiesToResponse.php(37): Illuminate\\Pipeline\\Pipeline->Illuminate\\Pipeline\\{closure}()
#33 /home/mphstar/Development/Workshop Web/Minggu 6 | Auth & Middleware/vendor/laravel/framework/src/Illuminate/Pipeline/Pipeline.php(167): Illuminate\\Cookie\\Middleware\\AddQueuedCookiesToResponse->handle()
#34 /home/mphstar/Development/Workshop Web/Minggu 6 | Auth & Middleware/vendor/laravel/framework/src/Illuminate/Cookie/Middleware/EncryptCookies.php(67): Illuminate\\Pipeline\\Pipeline->Illuminate\\Pipeline\\{closure}()
#35 /home/mphstar/Development/Workshop Web/Minggu 6 | Auth & Middleware/vendor/laravel/framework/src/Illuminate/Pipeline/Pipeline.php(167): Illuminate\\Cookie\\Middleware\\EncryptCookies->handle()
#36 /home/mphstar/Development/Workshop Web/Minggu 6 | Auth & Middleware/vendor/laravel/framework/src/Illuminate/Pipeline/Pipeline.php(103): Illuminate\\Pipeline\\Pipeline->Illuminate\\Pipeline\\{closure}()
#37 /home/mphstar/Development/Workshop Web/Minggu 6 | Auth & Middleware/vendor/laravel/framework/src/Illuminate/Routing/Router.php(719): Illuminate\\Pipeline\\Pipeline->then()
#38 /home/mphstar/Development/Workshop Web/Minggu 6 | Auth & Middleware/vendor/laravel/framework/src/Illuminate/Routing/Router.php(698): Illuminate\\Routing\\Router->runRouteWithinStack()
#39 /home/mphstar/Development/Workshop Web/Minggu 6 | Auth & Middleware/vendor/laravel/framework/src/Illuminate/Routing/Router.php(662): Illuminate\\Routing\\Router->runRoute()
#40 /home/mphstar/Development/Workshop Web/Minggu 6 | Auth & Middleware/vendor/laravel/framework/src/Illuminate/Routing/Router.php(651): Illuminate\\Routing\\Router->dispatchToRoute()
#41 /home/mphstar/Development/Workshop Web/Minggu 6 | Auth & Middleware/vendor/laravel/framework/src/Illuminate/Foundation/Http/Kernel.php(167): Illuminate\\Routing\\Router->dispatch()
#42 /home/mphstar/Development/Workshop Web/Minggu 6 | Auth & Middleware/vendor/laravel/framework/src/Illuminate/Pipeline/Pipeline.php(128): Illuminate\\Foundation\\Http\\Kernel->Illuminate\\Foundation\\Http\\{closure}()
#43 /home/mphstar/Development/Workshop Web/Minggu 6 | Auth & Middleware/vendor/laravel/framework/src/Illuminate/Foundation/Http/Middleware/TransformsRequest.php(21): Illuminate\\Pipeline\\Pipeline->Illuminate\\Pipeline\\{closure}()
#44 /home/mphstar/Development/Workshop Web/Minggu 6 | Auth & Middleware/vendor/laravel/framework/src/Illuminate/Foundation/Http/Middleware/ConvertEmptyStringsToNull.php(31): Illuminate\\Foundation\\Http\\Middleware\\TransformsRequest->handle()
#45 /home/mphstar/Development/Workshop Web/Minggu 6 | Auth & Middleware/vendor/laravel/framework/src/Illuminate/Pipeline/Pipeline.php(167): Illuminate\\Foundation\\Http\\Middleware\\ConvertEmptyStringsToNull->handle()
#46 /home/mphstar/Development/Workshop Web/Minggu 6 | Auth & Middleware/vendor/laravel/framework/src/Illuminate/Foundation/Http/Middleware/TransformsRequest.php(21): Illuminate\\Pipeline\\Pipeline->Illuminate\\Pipeline\\{closure}()
#47 /home/mphstar/Development/Workshop Web/Minggu 6 | Auth & Middleware/vendor/laravel/framework/src/Illuminate/Foundation/Http/Middleware/TrimStrings.php(40): Illuminate\\Foundation\\Http\\Middleware\\TransformsRequest->handle()
#48 /home/mphstar/Development/Workshop Web/Minggu 6 | Auth & Middleware/vendor/laravel/framework/src/Illuminate/Pipeline/Pipeline.php(167): Illuminate\\Foundation\\Http\\Middleware\\TrimStrings->handle()
#49 /home/mphstar/Development/Workshop Web/Minggu 6 | Auth & Middleware/vendor/laravel/framework/src/Illuminate/Foundation/Http/Middleware/ValidatePostSize.php(27): Illuminate\\Pipeline\\Pipeline->Illuminate\\Pipeline\\{closure}()
#50 /home/mphstar/Development/Workshop Web/Minggu 6 | Auth & Middleware/vendor/laravel/framework/src/Illuminate/Pipeline/Pipeline.php(167): Illuminate\\Foundation\\Http\\Middleware\\ValidatePostSize->handle()
#51 /home/mphstar/Development/Workshop Web/Minggu 6 | Auth & Middleware/vendor/laravel/framework/src/Illuminate/Foundation/Http/Middleware/PreventRequestsDuringMaintenance.php(86): Illuminate\\Pipeline\\Pipeline->Illuminate\\Pipeline\\{closure}()
#52 /home/mphstar/Development/Workshop Web/Minggu 6 | Auth & Middleware/vendor/laravel/framework/src/Illuminate/Pipeline/Pipeline.php(167): Illuminate\\Foundation\\Http\\Middleware\\PreventRequestsDuringMaintenance->handle()
#53 /home/mphstar/Development/Workshop Web/Minggu 6 | Auth & Middleware/vendor/fruitcake/laravel-cors/src/HandleCors.php(38): Illuminate\\Pipeline\\Pipeline->Illuminate\\Pipeline\\{closure}()
#54 /home/mphstar/Development/Workshop Web/Minggu 6 | Auth & Middleware/vendor/laravel/framework/src/Illuminate/Pipeline/Pipeline.php(167): Fruitcake\\Cors\\HandleCors->handle()
#55 /home/mphstar/Development/Workshop Web/Minggu 6 | Auth & Middleware/vendor/laravel/framework/src/Illuminate/Http/Middleware/TrustProxies.php(39): Illuminate\\Pipeline\\Pipeline->Illuminate\\Pipeline\\{closure}()
#56 /home/mphstar/Development/Workshop Web/Minggu 6 | Auth & Middleware/vendor/laravel/framework/src/Illuminate/Pipeline/Pipeline.php(167): Illuminate\\Http\\Middleware\\TrustProxies->handle()
#57 /home/mphstar/Development/Workshop Web/Minggu 6 | Auth & Middleware/vendor/laravel/framework/src/Illuminate/Pipeline/Pipeline.php(103): Illuminate\\Pipeline\\Pipeline->Illuminate\\Pipeline\\{closure}()
#58 /home/mphstar/Development/Workshop Web/Minggu 6 | Auth & Middleware/vendor/laravel/framework/src/Illuminate/Foundation/Http/Kernel.php(142): Illuminate\\Pipeline\\Pipeline->then()
#59 /home/mphstar/Development/Workshop Web/Minggu 6 | Auth & Middleware/vendor/laravel/framework/src/Illuminate/Foundation/Http/Kernel.php(111): Illuminate\\Foundation\\Http\\Kernel->sendRequestThroughRouter()
#60 /home/mphstar/Development/Workshop Web/Minggu 6 | Auth & Middleware/public/index.php(51): Illuminate\\Foundation\\Http\\Kernel->handle()
#61 /home/mphstar/Development/Workshop Web/Minggu 6 | Auth & Middleware/server.php(21): require_once('...')
#62 {main}

[previous exception] [object] (PDOException(code: 42S22): SQLSTATE[42S22]: Column not found: 1054 Unknown column 'username' in 'where clause' at /home/mphstar/Development/Workshop Web/Minggu 6 | Auth & Middleware/vendor/laravel/framework/src/Illuminate/Database/Connection.php:368)
[stacktrace]
#0 /home/mphstar/Development/Workshop Web/Minggu 6 | Auth & Middleware/vendor/laravel/framework/src/Illuminate/Database/Connection.php(368): PDO->prepare()
#1 /home/mphstar/Development/Workshop Web/Minggu 6 | Auth & Middleware/vendor/laravel/framework/src/Illuminate/Database/Connection.php(705): Illuminate\\Database\\Connection->Illuminate\\Database\\{closure}()
#2 /home/mphstar/Development/Workshop Web/Minggu 6 | Auth & Middleware/vendor/laravel/framework/src/Illuminate/Database/Connection.php(672): Illuminate\\Database\\Connection->runQueryCallback()
#3 /home/mphstar/Development/Workshop Web/Minggu 6 | Auth & Middleware/vendor/laravel/framework/src/Illuminate/Database/Connection.php(359): Illuminate\\Database\\Connection->run()
#4 /home/mphstar/Development/Workshop Web/Minggu 6 | Auth & Middleware/vendor/laravel/framework/src/Illuminate/Database/Query/Builder.php(2413): Illuminate\\Database\\Connection->select()
#5 /home/mphstar/Development/Workshop Web/Minggu 6 | Auth & Middleware/vendor/laravel/framework/src/Illuminate/Database/Query/Builder.php(2402): Illuminate\\Database\\Query\\Builder->runSelect()
#6 /home/mphstar/Development/Workshop Web/Minggu 6 | Auth & Middleware/vendor/laravel/framework/src/Illuminate/Database/Query/Builder.php(2936): Illuminate\\Database\\Query\\Builder->Illuminate\\Database\\Query\\{closure}()
#7 /home/mphstar/Development/Workshop Web/Minggu 6 | Auth & Middleware/vendor/laravel/framework/src/Illuminate/Database/Query/Builder.php(2401): Illuminate\\Database\\Query\\Builder->onceWithColumns()
#8 /home/mphstar/Development/Workshop Web/Minggu 6 | Auth & Middleware/vendor/laravel/framework/src/Illuminate/Database/Query/Builder.php(2863): Illuminate\\Database\\Query\\Builder->get()
#9 /home/mphstar/Development/Workshop Web/Minggu 6 | Auth & Middleware/vendor/laravel/framework/src/Illuminate/Database/Query/Builder.php(2791): Illuminate\\Database\\Query\\Builder->aggregate()
#10 /home/mphstar/Development/Workshop Web/Minggu 6 | Auth & Middleware/vendor/laravel/framework/src/Illuminate/Validation/DatabasePresenceVerifier.php(55): Illuminate\\Database\\Query\\Builder->count()
#11 /home/mphstar/Development/Workshop Web/Minggu 6 | Auth & Middleware/vendor/laravel/framework/src/Illuminate/Validation/Concerns/ValidatesAttributes.php(855): Illuminate\\Validation\\DatabasePresenceVerifier->getCount()
#12 /home/mphstar/Development/Workshop Web/Minggu 6 | Auth & Middleware/vendor/laravel/framework/src/Illuminate/Validation/Validator.php(610): Illuminate\\Validation\\Validator->validateUnique()
#13 /home/mphstar/Development/Workshop Web/Minggu 6 | Auth & Middleware/vendor/laravel/framework/src/Illuminate/Validation/Validator.php(416): Illuminate\\Validation\\Validator->validateAttribute()
#14 /home/mphstar/Development/Workshop Web/Minggu 6 | Auth & Middleware/vendor/laravel/framework/src/Illuminate/Validation/Validator.php(447): Illuminate\\Validation\\Validator->passes()
#15 /home/mphstar/Development/Workshop Web/Minggu 6 | Auth & Middleware/vendor/laravel/framework/src/Illuminate/Validation/Validator.php(489): Illuminate\\Validation\\Validator->fails()
#16 /home/mphstar/Development/Workshop Web/Minggu 6 | Auth & Middleware/vendor/laravel/ui/auth-backend/RegistersUsers.php(32): Illuminate\\Validation\\Validator->validate()
#17 /home/mphstar/Development/Workshop Web/Minggu 6 | Auth & Middleware/vendor/laravel/framework/src/Illuminate/Routing/Controller.php(54): App\\Http\\Controllers\\Auth\\RegisterController->register()
#18 /home/mphstar/Development/Workshop Web/Minggu 6 | Auth & Middleware/vendor/laravel/framework/src/Illuminate/Routing/ControllerDispatcher.php(45): Illuminate\\Routing\\Controller->callAction()
#19 /home/mphstar/Development/Workshop Web/Minggu 6 | Auth & Middleware/vendor/laravel/framework/src/Illuminate/Routing/Route.php(261): Illuminate\\Routing\\ControllerDispatcher->dispatch()
#20 /home/mphstar/Development/Workshop Web/Minggu 6 | Auth & Middleware/vendor/laravel/framework/src/Illuminate/Routing/Route.php(205): Illuminate\\Routing\\Route->runController()
#21 /home/mphstar/Development/Workshop Web/Minggu 6 | Auth & Middleware/vendor/laravel/framework/src/Illuminate/Routing/Router.php(721): Illuminate\\Routing\\Route->run()
#22 /home/mphstar/Development/Workshop Web/Minggu 6 | Auth & Middleware/vendor/laravel/framework/src/Illuminate/Pipeline/Pipeline.php(128): Illuminate\\Routing\\Router->Illuminate\\Routing\\{closure}()
#23 /home/mphstar/Development/Workshop Web/Minggu 6 | Auth & Middleware/app/Http/Middleware/RedirectIfAuthenticated.php(30): Illuminate\\Pipeline\\Pipeline->Illuminate\\Pipeline\\{closure}()
#24 /home/mphstar/Development/Workshop Web/Minggu 6 | Auth & Middleware/vendor/laravel/framework/src/Illuminate/Pipeline/Pipeline.php(167): App\\Http\\Middleware\\RedirectIfAuthenticated->handle()
#25 /home/mphstar/Development/Workshop Web/Minggu 6 | Auth & Middleware/vendor/laravel/framework/src/Illuminate/Routing/Middleware/SubstituteBindings.php(50): Illuminate\\Pipeline\\Pipeline->Illuminate\\Pipeline\\{closure}()
#26 /home/mphstar/Development/Workshop Web/Minggu 6 | Auth & Middleware/vendor/laravel/framework/src/Illuminate/Pipeline/Pipeline.php(167): Illuminate\\Routing\\Middleware\\SubstituteBindings->handle()
#27 /home/mphstar/Development/Workshop Web/Minggu 6 | Auth & Middleware/vendor/laravel/framework/src/Illuminate/Foundation/Http/Middleware/VerifyCsrfToken.php(78): Illuminate\\Pipeline\\Pipeline->Illuminate\\Pipeline\\{closure}()
#28 /home/mphstar/Development/Workshop Web/Minggu 6 | Auth & Middleware/vendor/laravel/framework/src/Illuminate/Pipeline/Pipeline.php(167): Illuminate\\Foundation\\Http\\Middleware\\VerifyCsrfToken->handle()
#29 /home/mphstar/Development/Workshop Web/Minggu 6 | Auth & Middleware/vendor/laravel/framework/src/Illuminate/View/Middleware/ShareErrorsFromSession.php(49): Illuminate\\Pipeline\\Pipeline->Illuminate\\Pipeline\\{closure}()
#30 /home/mphstar/Development/Workshop Web/Minggu 6 | Auth & Middleware/vendor/laravel/framework/src/Illuminate/Pipeline/Pipeline.php(167): Illuminate\\View\\Middleware\\ShareErrorsFromSession->handle()
#31 /home/mphstar/Development/Workshop Web/Minggu 6 | Auth & Middleware/vendor/laravel/framework/src/Illuminate/Session/Middleware/StartSession.php(121): Illuminate\\Pipeline\\Pipeline->Illuminate\\Pipeline\\{closure}()
#32 /home/mphstar/Development/Workshop Web/Minggu 6 | Auth & Middleware/vendor/laravel/framework/src/Illuminate/Session/Middleware/StartSession.php(64): Illuminate\\Session\\Middleware\\StartSession->handleStatefulRequest()
#33 /home/mphstar/Development/Workshop Web/Minggu 6 | Auth & Middleware/vendor/laravel/framework/src/Illuminate/Pipeline/Pipeline.php(167): Illuminate\\Session\\Middleware\\StartSession->handle()
#34 /home/mphstar/Development/Workshop Web/Minggu 6 | Auth & Middleware/vendor/laravel/framework/src/Illuminate/Cookie/Middleware/AddQueuedCookiesToResponse.php(37): Illuminate\\Pipeline\\Pipeline->Illuminate\\Pipeline\\{closure}()
#35 /home/mphstar/Development/Workshop Web/Minggu 6 | Auth & Middleware/vendor/laravel/framework/src/Illuminate/Pipeline/Pipeline.php(167): Illuminate\\Cookie\\Middleware\\AddQueuedCookiesToResponse->handle()
#36 /home/mphstar/Development/Workshop Web/Minggu 6 | Auth & Middleware/vendor/laravel/framework/src/Illuminate/Cookie/Middleware/EncryptCookies.php(67): Illuminate\\Pipeline\\Pipeline->Illuminate\\Pipeline\\{closure}()
#37 /home/mphstar/Development/Workshop Web/Minggu 6 | Auth & Middleware/vendor/laravel/framework/src/Illuminate/Pipeline/Pipeline.php(167): Illuminate\\Cookie\\Middleware\\EncryptCookies->handle()
#38 /home/mphstar/Development/Workshop Web/Minggu 6 | Auth & Middleware/vendor/laravel/framework/src/Illuminate/Pipeline/Pipeline.php(103): Illuminate\\Pipeline\\Pipeline->Illuminate\\Pipeline\\{closure}()
#39 /home/mphstar/Development/Workshop Web/Minggu 6 | Auth & Middleware/vendor/laravel/framework/src/Illuminate/Routing/Router.php(719): Illuminate\\Pipeline\\Pipeline->then()
#40 /home/mphstar/Development/Workshop Web/Minggu 6 | Auth & Middleware/vendor/laravel/framework/src/Illuminate/Routing/Router.php(698): Illuminate\\Routing\\Router->runRouteWithinStack()
#41 /home/mphstar/Development/Workshop Web/Minggu 6 | Auth & Middleware/vendor/laravel/framework/src/Illuminate/Routing/Router.php(662): Illuminate\\Routing\\Router->runRoute()
#42 /home/mphstar/Development/Workshop Web/Minggu 6 | Auth & Middleware/vendor/laravel/framework/src/Illuminate/Routing/Router.php(651): Illuminate\\Routing\\Router->dispatchToRoute()
#43 /home/mphstar/Development/Workshop Web/Minggu 6 | Auth & Middleware/vendor/laravel/framework/src/Illuminate/Foundation/Http/Kernel.php(167): Illuminate\\Routing\\Router->dispatch()
#44 /home/mphstar/Development/Workshop Web/Minggu 6 | Auth & Middleware/vendor/laravel/framework/src/Illuminate/Pipeline/Pipeline.php(128): Illuminate\\Foundation\\Http\\Kernel->Illuminate\\Foundation\\Http\\{closure}()
#45 /home/mphstar/Development/Workshop Web/Minggu 6 | Auth & Middleware/vendor/laravel/framework/src/Illuminate/Foundation/Http/Middleware/TransformsRequest.php(21): Illuminate\\Pipeline\\Pipeline->Illuminate\\Pipeline\\{closure}()
#46 /home/mphstar/Development/Workshop Web/Minggu 6 | Auth & Middleware/vendor/laravel/framework/src/Illuminate/Foundation/Http/Middleware/ConvertEmptyStringsToNull.php(31): Illuminate\\Foundation\\Http\\Middleware\\TransformsRequest->handle()
#47 /home/mphstar/Development/Workshop Web/Minggu 6 | Auth & Middleware/vendor/laravel/framework/src/Illuminate/Pipeline/Pipeline.php(167): Illuminate\\Foundation\\Http\\Middleware\\ConvertEmptyStringsToNull->handle()
#48 /home/mphstar/Development/Workshop Web/Minggu 6 | Auth & Middleware/vendor/laravel/framework/src/Illuminate/Foundation/Http/Middleware/TransformsRequest.php(21): Illuminate\\Pipeline\\Pipeline->Illuminate\\Pipeline\\{closure}()
#49 /home/mphstar/Development/Workshop Web/Minggu 6 | Auth & Middleware/vendor/laravel/framework/src/Illuminate/Foundation/Http/Middleware/TrimStrings.php(40): Illuminate\\Foundation\\Http\\Middleware\\TransformsRequest->handle()
#50 /home/mphstar/Development/Workshop Web/Minggu 6 | Auth & Middleware/vendor/laravel/framework/src/Illuminate/Pipeline/Pipeline.php(167): Illuminate\\Foundation\\Http\\Middleware\\TrimStrings->handle()
#51 /home/mphstar/Development/Workshop Web/Minggu 6 | Auth & Middleware/vendor/laravel/framework/src/Illuminate/Foundation/Http/Middleware/ValidatePostSize.php(27): Illuminate\\Pipeline\\Pipeline->Illuminate\\Pipeline\\{closure}()
#52 /home/mphstar/Development/Workshop Web/Minggu 6 | Auth & Middleware/vendor/laravel/framework/src/Illuminate/Pipeline/Pipeline.php(167): Illuminate\\Foundation\\Http\\Middleware\\ValidatePostSize->handle()
#53 /home/mphstar/Development/Workshop Web/Minggu 6 | Auth & Middleware/vendor/laravel/framework/src/Illuminate/Foundation/Http/Middleware/PreventRequestsDuringMaintenance.php(86): Illuminate\\Pipeline\\Pipeline->Illuminate\\Pipeline\\{closure}()
#54 /home/mphstar/Development/Workshop Web/Minggu 6 | Auth & Middleware/vendor/laravel/framework/src/Illuminate/Pipeline/Pipeline.php(167): Illuminate\\Foundation\\Http\\Middleware\\PreventRequestsDuringMaintenance->handle()
#55 /home/mphstar/Development/Workshop Web/Minggu 6 | Auth & Middleware/vendor/fruitcake/laravel-cors/src/HandleCors.php(38): Illuminate\\Pipeline\\Pipeline->Illuminate\\Pipeline\\{closure}()
#56 /home/mphstar/Development/Workshop Web/Minggu 6 | Auth & Middleware/vendor/laravel/framework/src/Illuminate/Pipeline/Pipeline.php(167): Fruitcake\\Cors\\HandleCors->handle()
#57 /home/mphstar/Development/Workshop Web/Minggu 6 | Auth & Middleware/vendor/laravel/framework/src/Illuminate/Http/Middleware/TrustProxies.php(39): Illuminate\\Pipeline\\Pipeline->Illuminate\\Pipeline\\{closure}()
#58 /home/mphstar/Development/Workshop Web/Minggu 6 | Auth & Middleware/vendor/laravel/framework/src/Illuminate/Pipeline/Pipeline.php(167): Illuminate\\Http\\Middleware\\TrustProxies->handle()
#59 /home/mphstar/Development/Workshop Web/Minggu 6 | Auth & Middleware/vendor/laravel/framework/src/Illuminate/Pipeline/Pipeline.php(103): Illuminate\\Pipeline\\Pipeline->Illuminate\\Pipeline\\{closure}()
#60 /home/mphstar/Development/Workshop Web/Minggu 6 | Auth & Middleware/vendor/laravel/framework/src/Illuminate/Foundation/Http/Kernel.php(142): Illuminate\\Pipeline\\Pipeline->then()
#61 /home/mphstar/Development/Workshop Web/Minggu 6 | Auth & Middleware/vendor/laravel/framework/src/Illuminate/Foundation/Http/Kernel.php(111): Illuminate\\Foundation\\Http\\Kernel->sendRequestThroughRouter()
#62 /home/mphstar/Development/Workshop Web/Minggu 6 | Auth & Middleware/public/index.php(51): Illuminate\\Foundation\\Http\\Kernel->handle()
#63 /home/mphstar/Development/Workshop Web/Minggu 6 | Auth & Middleware/server.php(21): require_once('...')
#64 {main}
"} 
