[2023-03-16 08:49:18] local.ERROR: Target class [GuestPageController] does not exist. {"exception":"[object] (Illuminate\\Contracts\\Container\\BindingResolutionException(code: 0): Target class [GuestPageController] does not exist. at /home/mphstar/Development/Workshop Web/Minggu 3 | MVC/vendor/laravel/framework/src/Illuminate/Container/Container.php:879)
[stacktrace]
#0 /home/mphstar/Development/Workshop Web/Minggu 3 | MVC/vendor/laravel/framework/src/Illuminate/Container/Container.php(758): Illuminate\\Container\\Container->build()
#1 /home/mphstar/Development/Workshop Web/Minggu 3 | MVC/vendor/laravel/framework/src/Illuminate/Foundation/Application.php(851): Illuminate\\Container\\Container->resolve()
#2 /home/mphstar/Development/Workshop Web/Minggu 3 | MVC/vendor/laravel/framework/src/Illuminate/Container/Container.php(694): Illuminate\\Foundation\\Application->resolve()
#3 /home/mphstar/Development/Workshop Web/Minggu 3 | MVC/vendor/laravel/framework/src/Illuminate/Foundation/Application.php(836): Illuminate\\Container\\Container->make()
#4 /home/mphstar/Development/Workshop Web/Minggu 3 | MVC/vendor/laravel/framework/src/Illuminate/Routing/Route.php(276): Illuminate\\Foundation\\Application->make()
#5 /home/mphstar/Development/Workshop Web/Minggu 3 | MVC/vendor/laravel/framework/src/Illuminate/Routing/Route.php(1080): Illuminate\\Routing\\Route->getController()
#6 /home/mphstar/Development/Workshop Web/Minggu 3 | MVC/vendor/laravel/framework/src/Illuminate/Routing/Route.php(1023): Illuminate\\Routing\\Route->controllerMiddleware()
#7 /home/mphstar/Development/Workshop Web/Minggu 3 | MVC/vendor/laravel/framework/src/Illuminate/Routing/Router.php(734): Illuminate\\Routing\\Route->gatherMiddleware()
#8 /home/mphstar/Development/Workshop Web/Minggu 3 | MVC/vendor/laravel/framework/src/Illuminate/Routing/Router.php(714): Illuminate\\Routing\\Router->gatherRouteMiddleware()
#9 /home/mphstar/Development/Workshop Web/Minggu 3 | MVC/vendor/laravel/framework/src/Illuminate/Routing/Router.php(698): Illuminate\\Routing\\Router->runRouteWithinStack()
#10 /home/mphstar/Development/Workshop Web/Minggu 3 | MVC/vendor/laravel/framework/src/Illuminate/Routing/Router.php(662): Illuminate\\Routing\\Router->runRoute()
#11 /home/mphstar/Development/Workshop Web/Minggu 3 | MVC/vendor/laravel/framework/src/Illuminate/Routing/Router.php(651): Illuminate\\Routing\\Router->dispatchToRoute()
#12 /home/mphstar/Development/Workshop Web/Minggu 3 | MVC/vendor/laravel/framework/src/Illuminate/Foundation/Http/Kernel.php(167): Illuminate\\Routing\\Router->dispatch()
#13 /home/mphstar/Development/Workshop Web/Minggu 3 | MVC/vendor/laravel/framework/src/Illuminate/Pipeline/Pipeline.php(128): Illuminate\\Foundation\\Http\\Kernel->Illuminate\\Foundation\\Http\\{closure}()
#14 /home/mphstar/Development/Workshop Web/Minggu 3 | MVC/vendor/laravel/framework/src/Illuminate/Foundation/Http/Middleware/TransformsRequest.php(21): Illuminate\\Pipeline\\Pipeline->Illuminate\\Pipeline\\{closure}()
#15 /home/mphstar/Development/Workshop Web/Minggu 3 | MVC/vendor/laravel/framework/src/Illuminate/Foundation/Http/Middleware/ConvertEmptyStringsToNull.php(31): Illuminate\\Foundation\\Http\\Middleware\\TransformsRequest->handle()
#16 /home/mphstar/Development/Workshop Web/Minggu 3 | MVC/vendor/laravel/framework/src/Illuminate/Pipeline/Pipeline.php(167): Illuminate\\Foundation\\Http\\Middleware\\ConvertEmptyStringsToNull->handle()
#17 /home/mphstar/Development/Workshop Web/Minggu 3 | MVC/vendor/laravel/framework/src/Illuminate/Foundation/Http/Middleware/TransformsRequest.php(21): Illuminate\\Pipeline\\Pipeline->Illuminate\\Pipeline\\{closure}()
#18 /home/mphstar/Development/Workshop Web/Minggu 3 | MVC/vendor/laravel/framework/src/Illuminate/Foundation/Http/Middleware/TrimStrings.php(40): Illuminate\\Foundation\\Http\\Middleware\\TransformsRequest->handle()
#19 /home/mphstar/Development/Workshop Web/Minggu 3 | MVC/vendor/laravel/framework/src/Illuminate/Pipeline/Pipeline.php(167): Illuminate\\Foundation\\Http\\Middleware\\TrimStrings->handle()
#20 /home/mphstar/Development/Workshop Web/Minggu 3 | MVC/vendor/laravel/framework/src/Illuminate/Foundation/Http/Middleware/ValidatePostSize.php(27): Illuminate\\Pipeline\\Pipeline->Illuminate\\Pipeline\\{closure}()
#21 /home/mphstar/Development/Workshop Web/Minggu 3 | MVC/vendor/laravel/framework/src/Illuminate/Pipeline/Pipeline.php(167): Illuminate\\Foundation\\Http\\Middleware\\ValidatePostSize->handle()
#22 /home/mphstar/Development/Workshop Web/Minggu 3 | MVC/vendor/laravel/framework/src/Illuminate/Foundation/Http/Middleware/PreventRequestsDuringMaintenance.php(86): Illuminate\\Pipeline\\Pipeline->Illuminate\\Pipeline\\{closure}()
#23 /home/mphstar/Development/Workshop Web/Minggu 3 | MVC/vendor/laravel/framework/src/Illuminate/Pipeline/Pipeline.php(167): Illuminate\\Foundation\\Http\\Middleware\\PreventRequestsDuringMaintenance->handle()
#24 /home/mphstar/Development/Workshop Web/Minggu 3 | MVC/vendor/fruitcake/laravel-cors/src/HandleCors.php(38): Illuminate\\Pipeline\\Pipeline->Illuminate\\Pipeline\\{closure}()
#25 /home/mphstar/Development/Workshop Web/Minggu 3 | MVC/vendor/laravel/framework/src/Illuminate/Pipeline/Pipeline.php(167): Fruitcake\\Cors\\HandleCors->handle()
#26 /home/mphstar/Development/Workshop Web/Minggu 3 | MVC/vendor/laravel/framework/src/Illuminate/Http/Middleware/TrustProxies.php(39): Illuminate\\Pipeline\\Pipeline->Illuminate\\Pipeline\\{closure}()
#27 /home/mphstar/Development/Workshop Web/Minggu 3 | MVC/vendor/laravel/framework/src/Illuminate/Pipeline/Pipeline.php(167): Illuminate\\Http\\Middleware\\TrustProxies->handle()
#28 /home/mphstar/Development/Workshop Web/Minggu 3 | MVC/vendor/laravel/framework/src/Illuminate/Pipeline/Pipeline.php(103): Illuminate\\Pipeline\\Pipeline->Illuminate\\Pipeline\\{closure}()
#29 /home/mphstar/Development/Workshop Web/Minggu 3 | MVC/vendor/laravel/framework/src/Illuminate/Foundation/Http/Kernel.php(142): Illuminate\\Pipeline\\Pipeline->then()
#30 /home/mphstar/Development/Workshop Web/Minggu 3 | MVC/vendor/laravel/framework/src/Illuminate/Foundation/Http/Kernel.php(111): Illuminate\\Foundation\\Http\\Kernel->sendRequestThroughRouter()
#31 /home/mphstar/Development/Workshop Web/Minggu 3 | MVC/public/index.php(51): Illuminate\\Foundation\\Http\\Kernel->handle()
#32 /home/mphstar/Development/Workshop Web/Minggu 3 | MVC/server.php(21): require_once('...')
#33 {main}

[previous exception] [object] (ReflectionException(code: -1): Class \"GuestPageController\" does not exist at /home/mphstar/Development/Workshop Web/Minggu 3 | MVC/vendor/laravel/framework/src/Illuminate/Container/Container.php:877)
[stacktrace]
#0 /home/mphstar/Development/Workshop Web/Minggu 3 | MVC/vendor/laravel/framework/src/Illuminate/Container/Container.php(877): ReflectionClass->__construct()
#1 /home/mphstar/Development/Workshop Web/Minggu 3 | MVC/vendor/laravel/framework/src/Illuminate/Container/Container.php(758): Illuminate\\Container\\Container->build()
#2 /home/mphstar/Development/Workshop Web/Minggu 3 | MVC/vendor/laravel/framework/src/Illuminate/Foundation/Application.php(851): Illuminate\\Container\\Container->resolve()
#3 /home/mphstar/Development/Workshop Web/Minggu 3 | MVC/vendor/laravel/framework/src/Illuminate/Container/Container.php(694): Illuminate\\Foundation\\Application->resolve()
#4 /home/mphstar/Development/Workshop Web/Minggu 3 | MVC/vendor/laravel/framework/src/Illuminate/Foundation/Application.php(836): Illuminate\\Container\\Container->make()
#5 /home/mphstar/Development/Workshop Web/Minggu 3 | MVC/vendor/laravel/framework/src/Illuminate/Routing/Route.php(276): Illuminate\\Foundation\\Application->make()
#6 /home/mphstar/Development/Workshop Web/Minggu 3 | MVC/vendor/laravel/framework/src/Illuminate/Routing/Route.php(1080): Illuminate\\Routing\\Route->getController()
#7 /home/mphstar/Development/Workshop Web/Minggu 3 | MVC/vendor/laravel/framework/src/Illuminate/Routing/Route.php(1023): Illuminate\\Routing\\Route->controllerMiddleware()
#8 /home/mphstar/Development/Workshop Web/Minggu 3 | MVC/vendor/laravel/framework/src/Illuminate/Routing/Router.php(734): Illuminate\\Routing\\Route->gatherMiddleware()
#9 /home/mphstar/Development/Workshop Web/Minggu 3 | MVC/vendor/laravel/framework/src/Illuminate/Routing/Router.php(714): Illuminate\\Routing\\Router->gatherRouteMiddleware()
#10 /home/mphstar/Development/Workshop Web/Minggu 3 | MVC/vendor/laravel/framework/src/Illuminate/Routing/Router.php(698): Illuminate\\Routing\\Router->runRouteWithinStack()
#11 /home/mphstar/Development/Workshop Web/Minggu 3 | MVC/vendor/laravel/framework/src/Illuminate/Routing/Router.php(662): Illuminate\\Routing\\Router->runRoute()
#12 /home/mphstar/Development/Workshop Web/Minggu 3 | MVC/vendor/laravel/framework/src/Illuminate/Routing/Router.php(651): Illuminate\\Routing\\Router->dispatchToRoute()
#13 /home/mphstar/Development/Workshop Web/Minggu 3 | MVC/vendor/laravel/framework/src/Illuminate/Foundation/Http/Kernel.php(167): Illuminate\\Routing\\Router->dispatch()
#14 /home/mphstar/Development/Workshop Web/Minggu 3 | MVC/vendor/laravel/framework/src/Illuminate/Pipeline/Pipeline.php(128): Illuminate\\Foundation\\Http\\Kernel->Illuminate\\Foundation\\Http\\{closure}()
#15 /home/mphstar/Development/Workshop Web/Minggu 3 | MVC/vendor/laravel/framework/src/Illuminate/Foundation/Http/Middleware/TransformsRequest.php(21): Illuminate\\Pipeline\\Pipeline->Illuminate\\Pipeline\\{closure}()
#16 /home/mphstar/Development/Workshop Web/Minggu 3 | MVC/vendor/laravel/framework/src/Illuminate/Foundation/Http/Middleware/ConvertEmptyStringsToNull.php(31): Illuminate\\Foundation\\Http\\Middleware\\TransformsRequest->handle()
#17 /home/mphstar/Development/Workshop Web/Minggu 3 | MVC/vendor/laravel/framework/src/Illuminate/Pipeline/Pipeline.php(167): Illuminate\\Foundation\\Http\\Middleware\\ConvertEmptyStringsToNull->handle()
#18 /home/mphstar/Development/Workshop Web/Minggu 3 | MVC/vendor/laravel/framework/src/Illuminate/Foundation/Http/Middleware/TransformsRequest.php(21): Illuminate\\Pipeline\\Pipeline->Illuminate\\Pipeline\\{closure}()
#19 /home/mphstar/Development/Workshop Web/Minggu 3 | MVC/vendor/laravel/framework/src/Illuminate/Foundation/Http/Middleware/TrimStrings.php(40): Illuminate\\Foundation\\Http\\Middleware\\TransformsRequest->handle()
#20 /home/mphstar/Development/Workshop Web/Minggu 3 | MVC/vendor/laravel/framework/src/Illuminate/Pipeline/Pipeline.php(167): Illuminate\\Foundation\\Http\\Middleware\\TrimStrings->handle()
#21 /home/mphstar/Development/Workshop Web/Minggu 3 | MVC/vendor/laravel/framework/src/Illuminate/Foundation/Http/Middleware/ValidatePostSize.php(27): Illuminate\\Pipeline\\Pipeline->Illuminate\\Pipeline\\{closure}()
#22 /home/mphstar/Development/Workshop Web/Minggu 3 | MVC/vendor/laravel/framework/src/Illuminate/Pipeline/Pipeline.php(167): Illuminate\\Foundation\\Http\\Middleware\\ValidatePostSize->handle()
#23 /home/mphstar/Development/Workshop Web/Minggu 3 | MVC/vendor/laravel/framework/src/Illuminate/Foundation/Http/Middleware/PreventRequestsDuringMaintenance.php(86): Illuminate\\Pipeline\\Pipeline->Illuminate\\Pipeline\\{closure}()
#24 /home/mphstar/Development/Workshop Web/Minggu 3 | MVC/vendor/laravel/framework/src/Illuminate/Pipeline/Pipeline.php(167): Illuminate\\Foundation\\Http\\Middleware\\PreventRequestsDuringMaintenance->handle()
#25 /home/mphstar/Development/Workshop Web/Minggu 3 | MVC/vendor/fruitcake/laravel-cors/src/HandleCors.php(38): Illuminate\\Pipeline\\Pipeline->Illuminate\\Pipeline\\{closure}()
#26 /home/mphstar/Development/Workshop Web/Minggu 3 | MVC/vendor/laravel/framework/src/Illuminate/Pipeline/Pipeline.php(167): Fruitcake\\Cors\\HandleCors->handle()
#27 /home/mphstar/Development/Workshop Web/Minggu 3 | MVC/vendor/laravel/framework/src/Illuminate/Http/Middleware/TrustProxies.php(39): Illuminate\\Pipeline\\Pipeline->Illuminate\\Pipeline\\{closure}()
#28 /home/mphstar/Development/Workshop Web/Minggu 3 | MVC/vendor/laravel/framework/src/Illuminate/Pipeline/Pipeline.php(167): Illuminate\\Http\\Middleware\\TrustProxies->handle()
#29 /home/mphstar/Development/Workshop Web/Minggu 3 | MVC/vendor/laravel/framework/src/Illuminate/Pipeline/Pipeline.php(103): Illuminate\\Pipeline\\Pipeline->Illuminate\\Pipeline\\{closure}()
#30 /home/mphstar/Development/Workshop Web/Minggu 3 | MVC/vendor/laravel/framework/src/Illuminate/Foundation/Http/Kernel.php(142): Illuminate\\Pipeline\\Pipeline->then()
#31 /home/mphstar/Development/Workshop Web/Minggu 3 | MVC/vendor/laravel/framework/src/Illuminate/Foundation/Http/Kernel.php(111): Illuminate\\Foundation\\Http\\Kernel->sendRequestThroughRouter()
#32 /home/mphstar/Development/Workshop Web/Minggu 3 | MVC/public/index.php(51): Illuminate\\Foundation\\Http\\Kernel->handle()
#33 /home/mphstar/Development/Workshop Web/Minggu 3 | MVC/server.php(21): require_once('...')
#34 {main}
"} 
[2023-03-16 08:49:20] local.ERROR: Target class [GuestPageController] does not exist. {"exception":"[object] (Illuminate\\Contracts\\Container\\BindingResolutionException(code: 0): Target class [GuestPageController] does not exist. at /home/mphstar/Development/Workshop Web/Minggu 3 | MVC/vendor/laravel/framework/src/Illuminate/Container/Container.php:879)
[stacktrace]
#0 /home/mphstar/Development/Workshop Web/Minggu 3 | MVC/vendor/laravel/framework/src/Illuminate/Container/Container.php(758): Illuminate\\Container\\Container->build()
#1 /home/mphstar/Development/Workshop Web/Minggu 3 | MVC/vendor/laravel/framework/src/Illuminate/Foundation/Application.php(851): Illuminate\\Container\\Container->resolve()
#2 /home/mphstar/Development/Workshop Web/Minggu 3 | MVC/vendor/laravel/framework/src/Illuminate/Container/Container.php(694): Illuminate\\Foundation\\Application->resolve()
#3 /home/mphstar/Development/Workshop Web/Minggu 3 | MVC/vendor/laravel/framework/src/Illuminate/Foundation/Application.php(836): Illuminate\\Container\\Container->make()
#4 /home/mphstar/Development/Workshop Web/Minggu 3 | MVC/vendor/laravel/framework/src/Illuminate/Routing/Route.php(276): Illuminate\\Foundation\\Application->make()
#5 /home/mphstar/Development/Workshop Web/Minggu 3 | MVC/vendor/laravel/framework/src/Illuminate/Routing/Route.php(1080): Illuminate\\Routing\\Route->getController()
#6 /home/mphstar/Development/Workshop Web/Minggu 3 | MVC/vendor/laravel/framework/src/Illuminate/Routing/Route.php(1023): Illuminate\\Routing\\Route->controllerMiddleware()
#7 /home/mphstar/Development/Workshop Web/Minggu 3 | MVC/vendor/laravel/framework/src/Illuminate/Routing/Router.php(734): Illuminate\\Routing\\Route->gatherMiddleware()
#8 /home/mphstar/Development/Workshop Web/Minggu 3 | MVC/vendor/laravel/framework/src/Illuminate/Routing/Router.php(714): Illuminate\\Routing\\Router->gatherRouteMiddleware()
#9 /home/mphstar/Development/Workshop Web/Minggu 3 | MVC/vendor/laravel/framework/src/Illuminate/Routing/Router.php(698): Illuminate\\Routing\\Router->runRouteWithinStack()
#10 /home/mphstar/Development/Workshop Web/Minggu 3 | MVC/vendor/laravel/framework/src/Illuminate/Routing/Router.php(662): Illuminate\\Routing\\Router->runRoute()
#11 /home/mphstar/Development/Workshop Web/Minggu 3 | MVC/vendor/laravel/framework/src/Illuminate/Routing/Router.php(651): Illuminate\\Routing\\Router->dispatchToRoute()
#12 /home/mphstar/Development/Workshop Web/Minggu 3 | MVC/vendor/laravel/framework/src/Illuminate/Foundation/Http/Kernel.php(167): Illuminate\\Routing\\Router->dispatch()
#13 /home/mphstar/Development/Workshop Web/Minggu 3 | MVC/vendor/laravel/framework/src/Illuminate/Pipeline/Pipeline.php(128): Illuminate\\Foundation\\Http\\Kernel->Illuminate\\Foundation\\Http\\{closure}()
#14 /home/mphstar/Development/Workshop Web/Minggu 3 | MVC/vendor/laravel/framework/src/Illuminate/Foundation/Http/Middleware/TransformsRequest.php(21): Illuminate\\Pipeline\\Pipeline->Illuminate\\Pipeline\\{closure}()
#15 /home/mphstar/Development/Workshop Web/Minggu 3 | MVC/vendor/laravel/framework/src/Illuminate/Foundation/Http/Middleware/ConvertEmptyStringsToNull.php(31): Illuminate\\Foundation\\Http\\Middleware\\TransformsRequest->handle()
#16 /home/mphstar/Development/Workshop Web/Minggu 3 | MVC/vendor/laravel/framework/src/Illuminate/Pipeline/Pipeline.php(167): Illuminate\\Foundation\\Http\\Middleware\\ConvertEmptyStringsToNull->handle()
#17 /home/mphstar/Development/Workshop Web/Minggu 3 | MVC/vendor/laravel/framework/src/Illuminate/Foundation/Http/Middleware/TransformsRequest.php(21): Illuminate\\Pipeline\\Pipeline->Illuminate\\Pipeline\\{closure}()
#18 /home/mphstar/Development/Workshop Web/Minggu 3 | MVC/vendor/laravel/framework/src/Illuminate/Foundation/Http/Middleware/TrimStrings.php(40): Illuminate\\Foundation\\Http\\Middleware\\TransformsRequest->handle()
#19 /home/mphstar/Development/Workshop Web/Minggu 3 | MVC/vendor/laravel/framework/src/Illuminate/Pipeline/Pipeline.php(167): Illuminate\\Foundation\\Http\\Middleware\\TrimStrings->handle()
#20 /home/mphstar/Development/Workshop Web/Minggu 3 | MVC/vendor/laravel/framework/src/Illuminate/Foundation/Http/Middleware/ValidatePostSize.php(27): Illuminate\\Pipeline\\Pipeline->Illuminate\\Pipeline\\{closure}()
#21 /home/mphstar/Development/Workshop Web/Minggu 3 | MVC/vendor/laravel/framework/src/Illuminate/Pipeline/Pipeline.php(167): Illuminate\\Foundation\\Http\\Middleware\\ValidatePostSize->handle()
#22 /home/mphstar/Development/Workshop Web/Minggu 3 | MVC/vendor/laravel/framework/src/Illuminate/Foundation/Http/Middleware/PreventRequestsDuringMaintenance.php(86): Illuminate\\Pipeline\\Pipeline->Illuminate\\Pipeline\\{closure}()
#23 /home/mphstar/Development/Workshop Web/Minggu 3 | MVC/vendor/laravel/framework/src/Illuminate/Pipeline/Pipeline.php(167): Illuminate\\Foundation\\Http\\Middleware\\PreventRequestsDuringMaintenance->handle()
#24 /home/mphstar/Development/Workshop Web/Minggu 3 | MVC/vendor/fruitcake/laravel-cors/src/HandleCors.php(38): Illuminate\\Pipeline\\Pipeline->Illuminate\\Pipeline\\{closure}()
#25 /home/mphstar/Development/Workshop Web/Minggu 3 | MVC/vendor/laravel/framework/src/Illuminate/Pipeline/Pipeline.php(167): Fruitcake\\Cors\\HandleCors->handle()
#26 /home/mphstar/Development/Workshop Web/Minggu 3 | MVC/vendor/laravel/framework/src/Illuminate/Http/Middleware/TrustProxies.php(39): Illuminate\\Pipeline\\Pipeline->Illuminate\\Pipeline\\{closure}()
#27 /home/mphstar/Development/Workshop Web/Minggu 3 | MVC/vendor/laravel/framework/src/Illuminate/Pipeline/Pipeline.php(167): Illuminate\\Http\\Middleware\\TrustProxies->handle()
#28 /home/mphstar/Development/Workshop Web/Minggu 3 | MVC/vendor/laravel/framework/src/Illuminate/Pipeline/Pipeline.php(103): Illuminate\\Pipeline\\Pipeline->Illuminate\\Pipeline\\{closure}()
#29 /home/mphstar/Development/Workshop Web/Minggu 3 | MVC/vendor/laravel/framework/src/Illuminate/Foundation/Http/Kernel.php(142): Illuminate\\Pipeline\\Pipeline->then()
#30 /home/mphstar/Development/Workshop Web/Minggu 3 | MVC/vendor/laravel/framework/src/Illuminate/Foundation/Http/Kernel.php(111): Illuminate\\Foundation\\Http\\Kernel->sendRequestThroughRouter()
#31 /home/mphstar/Development/Workshop Web/Minggu 3 | MVC/public/index.php(51): Illuminate\\Foundation\\Http\\Kernel->handle()
#32 /home/mphstar/Development/Workshop Web/Minggu 3 | MVC/server.php(21): require_once('...')
#33 {main}

[previous exception] [object] (ReflectionException(code: -1): Class \"GuestPageController\" does not exist at /home/mphstar/Development/Workshop Web/Minggu 3 | MVC/vendor/laravel/framework/src/Illuminate/Container/Container.php:877)
[stacktrace]
#0 /home/mphstar/Development/Workshop Web/Minggu 3 | MVC/vendor/laravel/framework/src/Illuminate/Container/Container.php(877): ReflectionClass->__construct()
#1 /home/mphstar/Development/Workshop Web/Minggu 3 | MVC/vendor/laravel/framework/src/Illuminate/Container/Container.php(758): Illuminate\\Container\\Container->build()
#2 /home/mphstar/Development/Workshop Web/Minggu 3 | MVC/vendor/laravel/framework/src/Illuminate/Foundation/Application.php(851): Illuminate\\Container\\Container->resolve()
#3 /home/mphstar/Development/Workshop Web/Minggu 3 | MVC/vendor/laravel/framework/src/Illuminate/Container/Container.php(694): Illuminate\\Foundation\\Application->resolve()
#4 /home/mphstar/Development/Workshop Web/Minggu 3 | MVC/vendor/laravel/framework/src/Illuminate/Foundation/Application.php(836): Illuminate\\Container\\Container->make()
#5 /home/mphstar/Development/Workshop Web/Minggu 3 | MVC/vendor/laravel/framework/src/Illuminate/Routing/Route.php(276): Illuminate\\Foundation\\Application->make()
#6 /home/mphstar/Development/Workshop Web/Minggu 3 | MVC/vendor/laravel/framework/src/Illuminate/Routing/Route.php(1080): Illuminate\\Routing\\Route->getController()
#7 /home/mphstar/Development/Workshop Web/Minggu 3 | MVC/vendor/laravel/framework/src/Illuminate/Routing/Route.php(1023): Illuminate\\Routing\\Route->controllerMiddleware()
#8 /home/mphstar/Development/Workshop Web/Minggu 3 | MVC/vendor/laravel/framework/src/Illuminate/Routing/Router.php(734): Illuminate\\Routing\\Route->gatherMiddleware()
#9 /home/mphstar/Development/Workshop Web/Minggu 3 | MVC/vendor/laravel/framework/src/Illuminate/Routing/Router.php(714): Illuminate\\Routing\\Router->gatherRouteMiddleware()
#10 /home/mphstar/Development/Workshop Web/Minggu 3 | MVC/vendor/laravel/framework/src/Illuminate/Routing/Router.php(698): Illuminate\\Routing\\Router->runRouteWithinStack()
#11 /home/mphstar/Development/Workshop Web/Minggu 3 | MVC/vendor/laravel/framework/src/Illuminate/Routing/Router.php(662): Illuminate\\Routing\\Router->runRoute()
#12 /home/mphstar/Development/Workshop Web/Minggu 3 | MVC/vendor/laravel/framework/src/Illuminate/Routing/Router.php(651): Illuminate\\Routing\\Router->dispatchToRoute()
#13 /home/mphstar/Development/Workshop Web/Minggu 3 | MVC/vendor/laravel/framework/src/Illuminate/Foundation/Http/Kernel.php(167): Illuminate\\Routing\\Router->dispatch()
#14 /home/mphstar/Development/Workshop Web/Minggu 3 | MVC/vendor/laravel/framework/src/Illuminate/Pipeline/Pipeline.php(128): Illuminate\\Foundation\\Http\\Kernel->Illuminate\\Foundation\\Http\\{closure}()
#15 /home/mphstar/Development/Workshop Web/Minggu 3 | MVC/vendor/laravel/framework/src/Illuminate/Foundation/Http/Middleware/TransformsRequest.php(21): Illuminate\\Pipeline\\Pipeline->Illuminate\\Pipeline\\{closure}()
#16 /home/mphstar/Development/Workshop Web/Minggu 3 | MVC/vendor/laravel/framework/src/Illuminate/Foundation/Http/Middleware/ConvertEmptyStringsToNull.php(31): Illuminate\\Foundation\\Http\\Middleware\\TransformsRequest->handle()
#17 /home/mphstar/Development/Workshop Web/Minggu 3 | MVC/vendor/laravel/framework/src/Illuminate/Pipeline/Pipeline.php(167): Illuminate\\Foundation\\Http\\Middleware\\ConvertEmptyStringsToNull->handle()
#18 /home/mphstar/Development/Workshop Web/Minggu 3 | MVC/vendor/laravel/framework/src/Illuminate/Foundation/Http/Middleware/TransformsRequest.php(21): Illuminate\\Pipeline\\Pipeline->Illuminate\\Pipeline\\{closure}()
#19 /home/mphstar/Development/Workshop Web/Minggu 3 | MVC/vendor/laravel/framework/src/Illuminate/Foundation/Http/Middleware/TrimStrings.php(40): Illuminate\\Foundation\\Http\\Middleware\\TransformsRequest->handle()
#20 /home/mphstar/Development/Workshop Web/Minggu 3 | MVC/vendor/laravel/framework/src/Illuminate/Pipeline/Pipeline.php(167): Illuminate\\Foundation\\Http\\Middleware\\TrimStrings->handle()
#21 /home/mphstar/Development/Workshop Web/Minggu 3 | MVC/vendor/laravel/framework/src/Illuminate/Foundation/Http/Middleware/ValidatePostSize.php(27): Illuminate\\Pipeline\\Pipeline->Illuminate\\Pipeline\\{closure}()
#22 /home/mphstar/Development/Workshop Web/Minggu 3 | MVC/vendor/laravel/framework/src/Illuminate/Pipeline/Pipeline.php(167): Illuminate\\Foundation\\Http\\Middleware\\ValidatePostSize->handle()
#23 /home/mphstar/Development/Workshop Web/Minggu 3 | MVC/vendor/laravel/framework/src/Illuminate/Foundation/Http/Middleware/PreventRequestsDuringMaintenance.php(86): Illuminate\\Pipeline\\Pipeline->Illuminate\\Pipeline\\{closure}()
#24 /home/mphstar/Development/Workshop Web/Minggu 3 | MVC/vendor/laravel/framework/src/Illuminate/Pipeline/Pipeline.php(167): Illuminate\\Foundation\\Http\\Middleware\\PreventRequestsDuringMaintenance->handle()
#25 /home/mphstar/Development/Workshop Web/Minggu 3 | MVC/vendor/fruitcake/laravel-cors/src/HandleCors.php(38): Illuminate\\Pipeline\\Pipeline->Illuminate\\Pipeline\\{closure}()
#26 /home/mphstar/Development/Workshop Web/Minggu 3 | MVC/vendor/laravel/framework/src/Illuminate/Pipeline/Pipeline.php(167): Fruitcake\\Cors\\HandleCors->handle()
#27 /home/mphstar/Development/Workshop Web/Minggu 3 | MVC/vendor/laravel/framework/src/Illuminate/Http/Middleware/TrustProxies.php(39): Illuminate\\Pipeline\\Pipeline->Illuminate\\Pipeline\\{closure}()
#28 /home/mphstar/Development/Workshop Web/Minggu 3 | MVC/vendor/laravel/framework/src/Illuminate/Pipeline/Pipeline.php(167): Illuminate\\Http\\Middleware\\TrustProxies->handle()
#29 /home/mphstar/Development/Workshop Web/Minggu 3 | MVC/vendor/laravel/framework/src/Illuminate/Pipeline/Pipeline.php(103): Illuminate\\Pipeline\\Pipeline->Illuminate\\Pipeline\\{closure}()
#30 /home/mphstar/Development/Workshop Web/Minggu 3 | MVC/vendor/laravel/framework/src/Illuminate/Foundation/Http/Kernel.php(142): Illuminate\\Pipeline\\Pipeline->then()
#31 /home/mphstar/Development/Workshop Web/Minggu 3 | MVC/vendor/laravel/framework/src/Illuminate/Foundation/Http/Kernel.php(111): Illuminate\\Foundation\\Http\\Kernel->sendRequestThroughRouter()
#32 /home/mphstar/Development/Workshop Web/Minggu 3 | MVC/public/index.php(51): Illuminate\\Foundation\\Http\\Kernel->handle()
#33 /home/mphstar/Development/Workshop Web/Minggu 3 | MVC/server.php(21): require_once('...')
#34 {main}
"} 
